<?xml version="1.0" encoding="UTF-8"?>
<!-- Generated by org.testng.reporters.JUnitReportReporter -->
<testsuite skipped="0" hostname="LAPTOP-NQ28SJGQ" name="com.youtube.testCases.YouTubeTest" tests="3" failures="0" timestamp="2021-08-06T23:32:31 IST" time="1900.572" errors="0">
  <testcase name="verifyLogoDisplayedInHomePage" time="5.096" classname="com.youtube.testCases.YouTubeTest"/>
  <system-out/>
  <testcase name="verifyAllListedAppsDisplayed" time="10.471" classname="com.youtube.testCases.YouTubeTest"/>
  <system-out/>
  <testcase name="verifyUserIsAbleToSearchAndScrollTillEnd" time="1885.005" classname="com.youtube.testCases.YouTubeTest"/>
  <system-out/>
</testsuite> <!-- com.youtube.testCases.YouTubeTest -->
